2025-10-12 00:45:29 AM - kokoro_api - INFO - Loading Kokoro...
2025-10-12 00:45:51 AM - kokoro_api - INFO - Kokoro loaded successfully.
2025-10-12 00:46:19 AM - kokoro_api - INFO - Loading Kokoro...
2025-10-12 00:46:24 AM - kokoro_api - INFO - Kokoro loaded successfully.
2025-10-12 00:49:40 AM - kokoro_api - INFO - Received text for synthesis (voice = af_heart):Hi everyone!...
2025-10-12 00:49:40 AM - kokoro_api - INFO - Text successfully retrieved.
2025-10-12 00:49:41 AM - kokoro_api - INFO - Audio URL successfully retrieve in 1.53 seconds.
2025-10-12 00:55:36 AM - kokoro_api - INFO - Text successfully retrieved.
2025-10-12 00:55:45 AM - kokoro_api - INFO - Audio URL successfully retrieve in 9.01 seconds.
2025-10-12 00:59:37 AM - kokoro_api - INFO - Text successfully retrieved.
2025-10-12 00:59:57 AM - kokoro_api - INFO - Audio URL successfully retrieve in 19.45 seconds.
2025-10-12 01:05:18 AM - kokoro_api - INFO - Loading Kokoro...
2025-10-12 01:05:18 AM - kokoro_api - INFO - Kokoro loaded successfully.
2025-10-12 01:06:00 AM - kokoro_api - INFO - Text successfully retrieved.
2025-10-12 01:06:22 AM - kokoro_api - INFO - Audio URL successfully retrieve in 22.12 seconds.
2025-10-12 01:16:37 AM - kokoro_api - INFO - Loading Kokoro...
2025-10-12 01:16:37 AM - kokoro_api - INFO - Kokoro loaded successfully.
2025-10-12 01:16:59 AM - kokoro_api - INFO - Received text for synthesis (voice = af_heart):HELLO EVERYONE HEHEHEHEHEHE...
2025-10-12 01:16:59 AM - kokoro_api - INFO - Text successfully retrieved.
2025-10-12 01:17:10 AM - kokoro_api - INFO - Audio URL successfully retrieve in 10.74 seconds.
2025-10-15 20:42:36 PM - kokoro_api - INFO - Loading Kokoro...
2025-10-15 20:42:36 PM - kokoro_api - INFO - Kokoro loaded successfully.
2025-10-15 20:58:24 PM - kokoro_api - INFO - Loading Kokoro...
2025-10-15 20:58:24 PM - kokoro_api - INFO - Kokoro loaded successfully.
2025-10-15 20:58:33 PM - kokoro_api - INFO - Received text for synthesis (voice = af_heart):hello hello ...
2025-10-15 20:58:33 PM - kokoro_api - INFO - Text successfully retrieved.
2025-10-15 20:59:00 PM - kokoro_api - INFO - Audio URL successfully retrieve in 26.94 seconds.
2025-10-15 20:59:10 PM - kokoro_api - INFO - Loading Kokoro...
2025-10-15 20:59:10 PM - kokoro_api - INFO - Kokoro loaded successfully.
2025-10-15 20:59:36 PM - kokoro_api - INFO - Loading Kokoro...
2025-10-15 20:59:36 PM - kokoro_api - INFO - Kokoro loaded successfully.
2025-10-15 21:03:01 PM - kokoro_api - INFO - Received text for synthesis (voice = af_heart):hello everyone i love rim so so so much...
2025-10-15 21:03:01 PM - kokoro_api - INFO - Text successfully retrieved.
2025-10-15 21:03:07 PM - kokoro_api - INFO - Audio URL successfully retrieve in 6.50 seconds.
2025-10-15 21:07:44 PM - kokoro_api - INFO - Received text for synthesis (voice = af_heart):In the ancient land of Eldoria, where skies shimmered and fo...
2025-10-15 21:07:44 PM - kokoro_api - INFO - Text successfully retrieved.
2025-10-15 21:08:05 PM - kokoro_api - INFO - Audio URL successfully retrieve in 20.77 seconds.
2025-10-15 21:29:17 PM - kokoro_api - INFO - Loading Kokoro...
2025-10-15 21:29:17 PM - kokoro_api - INFO - Kokoro loaded successfully.
